<?xml version="1.0" encoding="UTF-8"?>
<testsuite name="Test" tests="1" skipped="0" failures="0" errors="0" timestamp="2021-05-04T04:20:01" hostname="DESKTOP-412DBIH" time="0.015">
  <properties/>
  <testcase name="tc_01" classname="Test" time="0.015"/>
  <system-out><![CDATA[ewfwe
]]></system-out>
  <system-err><![CDATA[]]></system-err>
</testsuite>
