<?xml version="1.0" encoding="UTF-8"?>
<testsuite name="VerifyDropdownValesorder" tests="1" skipped="0" failures="0" errors="0" timestamp="2021-06-05T02:51:43" hostname="DESKTOP-412DBIH" time="7.259">
  <properties/>
  <testcase name="Verifydropdownassendingordesending" classname="VerifyDropdownValesorder" time="7.259"/>
  <system-out><![CDATA[]]></system-out>
  <system-err><![CDATA[SLF4J: Failed to load class "org.slf4j.impl.StaticLoggerBinder".
SLF4J: Defaulting to no-operation (NOP) logger implementation
SLF4J: See http://www.slf4j.org/codes.html#StaticLoggerBinder for further details.
Starting ChromeDriver 91.0.4472.19 (1bf021f248676a0b2ab3ee0561d83a59e424c23e-refs/branch-heads/4472@{#288}) on port 8809
Only local connections are allowed.
Please see https://chromedriver.chromium.org/security-considerations for suggestions on keeping ChromeDriver safe.
ChromeDriver was started successfully.
Jun 05, 2021 8:21:47 AM org.openqa.selenium.remote.ProtocolHandshake createSession
INFO: Detected dialect: W3C
]]></system-err>
</testsuite>
